<?xml version="1.0" encoding="UTF-8"?>
<!-- Generated by org.testng.reporters.JUnitReportReporter -->
<testsuite skipped="0" hostname="Microsoft-PC" name="Demo" tests="1" failures="0" timestamp="2021-02-08T17:31:28 IST" time="0.016" errors="0">
  <testcase name="Tc" time="0.016" classname="Demo"/>
  <system-out>
Hi.....  </system-out>
</testsuite> <!-- Demo -->
